[Wed Mar 30 16:25:46 2022 User: Ali] enters username
[Wed Mar 30 16:26:10 2022 User: unknown] enters password
[Wed Mar 30 16:26:40 2022 User: Ali] enters username
[Wed Mar 30 16:26:52 2022 User: unknown] enters password
[Wed Mar 30 16:32:36 2022 User: Ali] enters username
[Wed Mar 30 16:32:44 2022 User: Ali] enters correct password
[Wed Mar 30 16:32:58 2022 User: Ali] asks for ls
[Wed Mar 30 16:33:11 2022 User: Ali] asks for pwd
[Wed Mar 30 16:48:30 2022 User: Ali] enters username
[Wed Mar 30 16:48:41 2022 User: Ali] enters correct password
[Wed Mar 30 16:48:46 2022 User: Ali] asks for pwd
[Wed Mar 30 16:49:03 2022 User: Ali] changes dir
[Wed Mar 30 16:49:07 2022 User: Ali] asks for pwd
[Wed Mar 30 17:33:49 2022 User: Ali] enters username
[Wed Mar 30 17:33:55 2022 User: Ali] enters correct password
[Wed Mar 30 17:34:01 2022 User: Ali] asks for pwd
[Wed Mar 30 17:34:06 2022 User: Ali] fails to cwd
[Wed Mar 30 17:34:16 2022 User: Ali] quits
[Wed Mar 30 18:09:20 2022 User: Ali] enters username
[Wed Mar 30 18:09:23 2022 User: Ali] enters wrong password
[Wed Mar 30 18:09:34 2022 User: Ali] enters correct password
[Wed Mar 30 18:09:56 2022 User: Ali] makes directory
[Wed Mar 30 18:10:16 2022 User: Ali] asks for ls
[Wed Mar 30 18:13:41 2022 User: Ali] enters username
[Wed Mar 30 18:13:58 2022 User: Ali] enters correct password
[Wed Mar 30 18:14:01 2022 User: Ali] asks for ls
[Wed Mar 30 18:14:09 2022 User: Ali] asks for pwd
[Wed Mar 30 18:14:50 2022 User: Ali] enters username
[Wed Mar 30 18:14:52 2022 User: Ali] enters correct password
[Wed Mar 30 18:14:53 2022 User: Ali] asks for ls
[Wed Mar 30 18:14:56 2022 User: Ali] asks for ls
[Wed Mar 30 18:14:58 2022 User: Ali] asks for ls
[Wed Mar 30 18:15:10 2022 User: Ali] changes dir
[Wed Mar 30 18:15:12 2022 User: Ali] asks for ls
[Wed Mar 30 18:16:29 2022 User: Ali] enters username
[Wed Mar 30 18:16:33 2022 User: Ali] enters correct password
[Wed Mar 30 18:16:35 2022 User: Ali] asks for ls
[Wed Mar 30 18:16:37 2022 User: Ali] asks for ls
[Wed Mar 30 18:16:37 2022 User: Ali] asks for ls
[Wed Mar 30 18:16:39 2022 User: Ali] asks for ls
[Wed Mar 30 18:16:39 2022 User: Ali] asks for ls
[Wed Mar 30 18:17:00 2022 User: Ali] asks for pwd
[Wed Mar 30 18:17:10 2022 User: Ali] asks for help
[Wed Mar 30 18:17:47 2022 User: Ali] makes directory
[Wed Mar 30 18:22:16 2022 User: Ali] enters username
[Wed Mar 30 18:22:23 2022 User: Ali] enters correct password
[Wed Mar 30 18:22:26 2022 User: Ali] asks for ls
[Wed Mar 30 18:22:28 2022 User: Ali] asks for ls
[Wed Mar 30 18:22:33 2022 User: Ali] asks for ls
[Wed Mar 30 18:22:34 2022 User: Ali] asks for ls
[Wed Mar 30 18:22:35 2022 User: Ali] asks for ls
[Wed Mar 30 18:25:40 2022 User: Ali] enters username
[Wed Mar 30 18:25:42 2022 User: Ali] enters correct password
[Wed Mar 30 18:25:44 2022 User: Ali] asks for ls
[Wed Mar 30 18:25:51 2022 User: Ali] asks for help
[Wed Mar 30 18:25:56 2022 User: Ali] asks for help
[Wed Mar 30 19:11:42 2022 User: Ali] enters username
[Wed Mar 30 19:11:47 2022 User: Ali] enters correct password
[Wed Mar 30 19:11:51 2022 User: Ali] asks for help
[Wed Mar 30 19:13:05 2022 User: Ali] enters username
[Wed Mar 30 19:13:08 2022 User: Ali] enters correct password
[Wed Mar 30 19:13:09 2022 User: Ali] asks for help
[Wed Mar 30 19:13:22 2022 User: Ali] asks for help
[Wed Mar 30 19:13:46 2022 User: Ali] enters username
[Wed Mar 30 19:13:51 2022 User: Ali] enters correct password
[Wed Mar 30 19:13:58 2022 User: Ali] asks for help
[Wed Mar 30 19:14:03 2022 User: Ali] asks for ls
[Wed Mar 30 19:14:54 2022 User: Ali] enters username
[Wed Mar 30 19:15:00 2022 User: Ali] enters correct password
[Wed Mar 30 19:15:14 2022 User: Ali] removes chk.cpp
[Thu Mar 31 14:55:03 2022 User: Mohsen] enters username
[Thu Mar 31 14:55:11 2022 User: Mohsen] enters correct password
[Thu Mar 31 14:55:19 2022 User: Mohsen] fails to download ./config.json
[Thu Mar 31 14:57:06 2022 User: Mohsen] renames t.c to f.c
[Thu Mar 31 14:57:49 2022 User: Mohsen] fails to download ./a
[Thu Mar 31 14:57:51 2022 User: Mohsen] fails to download ./retr
[Thu Mar 31 14:59:48 2022 User: Mohsen] enters username
[Thu Mar 31 14:59:50 2022 User: Mohsen] enters correct password
[Thu Mar 31 15:00:03 2022 User: Mohsen] fails to download ./config.json
[Thu Mar 31 15:08:32 2022 User: Mohsen] enters username
[Thu Mar 31 15:08:40 2022 User: Mohsen] enters correct password
[Thu Mar 31 15:09:04 2022 User: Mohsen] fails to download .config.json
[Thu Mar 31 15:09:44 2022 User: Mohsen] enters username
[Thu Mar 31 15:09:46 2022 User: Mohsen] enters correct password
[Thu Mar 31 15:09:53 2022 User: Mohsen] fails to download .config.json
[Thu Mar 31 15:10:32 2022 User: Mohsen] enters username
[Thu Mar 31 15:10:34 2022 User: Mohsen] enters correct password
[Thu Mar 31 15:10:41 2022 User: Mohsen] fails to download ./config.json
[Thu Mar 31 15:12:10 2022 User: Mohsen] enters username
[Thu Mar 31 15:12:11 2022 User: Mohsen] enters correct password
[Thu Mar 31 15:12:15 2022 User: Mohsen] fails to download ./config.json
[Thu Mar 31 15:14:38 2022 User: Mohsen] enters username
[Thu Mar 31 15:14:41 2022 User: Mohsen] enters correct password
[Thu Mar 31 15:14:43 2022 User: Mohsen] fails to cwd
[Thu Mar 31 15:15:06 2022 User: Mohsen] asks for pwd
[Thu Mar 31 15:15:43 2022 User: Mohsen] enters username
[Thu Mar 31 15:15:45 2022 User: Mohsen] enters correct password
[Thu Mar 31 15:15:52 2022 User: Mohsen] asks for pwd
[Thu Mar 31 15:16:52 2022 User: Mohsen] enters username
[Thu Mar 31 15:16:54 2022 User: Mohsen] enters correct password
[Thu Mar 31 15:16:58 2022 User: Mohsen] asks for pwd
[Thu Mar 31 15:17:11 2022 User: Mohsen] fails to download /home/aryan/Desktop/University/online_courses/Semester6/Network/Projects/CA1/Computer-Networks_Projects/01_FTP/config.json
[Thu Mar 31 15:17:27 2022 User: Mohsen] asks for pwd
[Thu Mar 31 15:18:22 2022 User: Mohsen] enters username
[Thu Mar 31 15:18:24 2022 User: Mohsen] enters correct password
[Thu Mar 31 15:18:38 2022 User: Mohsen] fails to download /home/aryan/Desktop/University/online_courses/Semester6/Network/Projects/CA1/Computer-Networks_Projects/01_FTP/config.json
[Thu Mar 31 15:21:22 2022 User: Mohsen] enters username
[Thu Mar 31 15:21:25 2022 User: Mohsen] enters correct password
[Thu Mar 31 15:21:31 2022 User: Mohsen] fails to download /home/aryan/Desktop/University/online_courses/Semester6/Network/Projects/CA1/Computer-Networks_Projects/01_FTP/config.json
[Thu Mar 31 15:22:02 2022 User: Mohsen] enters username
[Thu Mar 31 15:22:09 2022 User: Mohsen] enters correct password
[Thu Mar 31 15:22:14 2022 User: Mohsen] attempts to download large file: /home/aryan/Desktop/University/online_courses/Semester6/Network/Projects/CA1/Computer-Networks_Projects/01_FTP/config.json
[Thu Mar 31 15:22:48 2022 User: Ali] enters username
[Thu Mar 31 15:22:51 2022 User: Ali] enters correct password
[Thu Mar 31 15:22:57 2022 User: Ali] attempts to download large file: /home/aryan/Desktop/University/online_courses/Semester6/Network/Projects/CA1/Computer-Networks_Projects/01_FTP/config.json
[Thu Mar 31 15:29:26 2022 User: Mohsen] enters username
[Thu Mar 31 15:29:29 2022 User: Mohsen] enters correct password
[Thu Mar 31 15:30:16 2022 User: Ali] enters username
[Thu Mar 31 15:30:19 2022 User: Ali] enters correct password
[Thu Mar 31 15:30:47 2022 User: Ali] attempts to download large file: /home/aryan/Desktop/University/online_courses/Semester6/Network/Projects/CA1/Computer-Networks_Projects/01_FTP/config.json
[Thu Mar 31 15:35:45 2022 User: Ali] enters username
[Thu Mar 31 15:35:48 2022 User: Ali] enters correct password
[Thu Mar 31 15:35:55 2022 User: Ali] downloads /home/aryan/Desktop/University/online_courses/Semester6/Network/Projects/CA1/Computer-Networks_Projects/01_FTP/config.json
[Thu Mar 31 15:36:34 2022 User: Ali] asks for help
[Thu Mar 31 15:36:41 2022 User: Ali] downloads /home/aryan/Desktop/University/online_courses/Semester6/Network/Projects/CA1/Computer-Networks_Projects/01_FTP/config.json
[Thu Mar 31 15:36:56 2022 User: Ali] quits
[Thu Mar 31 15:40:24 2022 User: Ali] enters username
[Thu Mar 31 15:40:26 2022 User: Ali] enters correct password
[Thu Mar 31 15:41:39 2022 User: Ali] enters username
[Thu Mar 31 16:31:29 2022 User: Ali] enters username
[Thu Mar 31 16:31:34 2022 User: Ali] enters wrong password
[Thu Mar 31 16:31:37 2022 User: Ali] enters correct password
[Thu Mar 31 16:32:06 2022 User: Ali] removes chk.cpp
[Thu Mar 31 16:32:16 2022 User: Ali] asks for pwd
[Thu Mar 31 22:41:56 2022 User: Ali] enters username
[Thu Mar 31 22:42:08 2022 User: Ali] enters correct password
[Thu Mar 31 22:42:11 2022 User: Ali] asks for ls
[Thu Mar 31 22:42:14 2022 User: Ali] asks for pwd
[Thu Mar 31 22:42:20 2022 User: Ali] changes dir
[Thu Mar 31 22:42:23 2022 User: Ali] asks for pwd
[Thu Mar 31 22:42:26 2022 User: Ali] asks for help
[Thu Mar 31 22:42:35 2022 User: Ali] changes dir
[Thu Mar 31 22:42:41 2022 User: Ali] makes directory
[Thu Mar 31 22:42:43 2022 User: Ali] asks for ls
[Thu Mar 31 22:42:59 2022 User: Ali] renames tmp to tmp2
[Thu Mar 31 22:43:01 2022 User: Ali] asks for ls
[Thu Mar 31 22:43:14 2022 User: Ali] removes tmp2
[Thu Mar 31 22:43:31 2022 User: Ali] downloads /home/c/University/Term6/CN/CAs/01_FTP/build/../Server.out
[Thu Mar 31 22:43:51 2022 User: Mohsen] enters username
[Thu Mar 31 22:43:56 2022 User: Mohsen] enters correct password
[Thu Mar 31 22:44:03 2022 User: Mohsen] changes dir
[Thu Mar 31 22:44:08 2022 User: Mohsen] changes dir
[Thu Mar 31 22:44:10 2022 User: Mohsen] asks for pwd
[Thu Mar 31 22:44:19 2022 User: Mohsen] changes dir
[Thu Mar 31 22:44:21 2022 User: Mohsen] asks for pwd
[Thu Mar 31 22:44:38 2022 User: Mohsen] asks for ls
[Thu Mar 31 22:45:00 2022 User: Mohsen] changes dir
[Thu Mar 31 22:45:05 2022 User: Mohsen] asks for pwd
[Thu Mar 31 22:45:23 2022 User: Mohsen] changes dir
[Thu Mar 31 22:45:26 2022 User: Mohsen] changes dir
[Thu Mar 31 22:45:29 2022 User: Mohsen] changes dir
[Thu Mar 31 22:45:32 2022 User: Mohsen] changes dir
[Thu Mar 31 22:45:33 2022 User: Mohsen] asks for pwd
[Thu Mar 31 23:14:19 2022 User: Mohsen] quits
[Thu Mar 31 23:14:35 2022 User: Ali] quits
[Thu Mar 31 23:19:01 2022 User: Ali] enters username
[Thu Mar 31 23:19:55 2022 User: Ali] enters username
[Thu Mar 31 23:19:58 2022 User: Ali] enters correct password
[Thu Mar 31 23:20:01 2022 User: Ali] asks for help
[Thu Mar 31 23:20:03 2022 User: Ali] quits
[Thu Mar 31 23:20:32 2022 User: Ali] enters username
[Thu Mar 31 23:20:35 2022 User: Ali] enters correct password
[Thu Mar 31 23:20:37 2022 User: Ali] asks for ls
[Thu Mar 31 23:20:42 2022 User: Ali] changes dir
[Thu Mar 31 23:20:46 2022 User: Ali] asks for ls
[Thu Mar 31 23:20:49 2022 User: Ali] asks for pwd
[Thu Mar 31 23:21:04 2022 User: Ali] asks for pwd
[Thu Mar 31 23:21:08 2022 User: Ali] asks for ls
[Thu Mar 31 23:21:13 2022 User: Ali] changes dir
[Thu Mar 31 23:21:16 2022 User: Ali] asks for ls
[Thu Mar 31 23:21:24 2022 User: Ali] quits
[Thu Mar 31 23:25:21 2022 User: Ali] enters username
[Thu Mar 31 23:25:24 2022 User: Ali] enters correct password
[Thu Mar 31 23:25:26 2022 User: Ali] quits
[Thu Mar 31 23:28:58 2022 User: Ali] enters username
[Thu Mar 31 23:29:00 2022 User: Ali] enters correct password
[Thu Mar 31 23:29:06 2022 User: Ali] fails to cwd
[Thu Mar 31 23:29:13 2022 User: Ali] changes dir
[Thu Mar 31 23:29:23 2022 User: Ali] quits
[Thu Mar 31 23:29:38 2022 User: Ali] enters username
[Thu Mar 31 23:29:41 2022 User: Ali] enters correct password
[Thu Mar 31 23:29:44 2022 User: Ali] changes dir
[Thu Mar 31 23:29:50 2022 User: Ali] asks for pwd
[Thu Mar 31 23:30:17 2022 User: Ali] quits
[Thu Mar 31 23:30:46 2022 User: Ali] enters username
[Thu Mar 31 23:30:49 2022 User: Ali] enters correct password
[Thu Mar 31 23:31:00 2022 User: Ali] changes dir
[Thu Mar 31 23:32:42 2022 User: Ali] enters username
[Thu Mar 31 23:32:52 2022 User: Ali] enters username
[Thu Mar 31 23:32:55 2022 User: Ali] enters correct password
[Thu Mar 31 23:33:05 2022 User: Ali] changes dir
[Thu Mar 31 23:37:14 2022 User: Ali] enters username
[Thu Mar 31 23:37:17 2022 User: Ali] enters correct password
[Thu Mar 31 23:37:22 2022 User: Ali] changes dir
[Thu Mar 31 23:38:23 2022 User: Ali] quits
[Thu Mar 31 23:38:40 2022 User: Ali] enters username
[Thu Mar 31 23:38:42 2022 User: Ali] enters correct password
[Thu Mar 31 23:38:49 2022 User: Ali] changes dir
[Thu Mar 31 23:39:29 2022 User: Ali] quits
[Thu Mar 31 23:40:09 2022 User: Ali] enters username
[Thu Mar 31 23:40:12 2022 User: Ali] enters correct password
[Thu Mar 31 23:40:16 2022 User: Ali] fails to cwd
[Thu Mar 31 23:40:22 2022 User: Ali] changes dir
[Thu Mar 31 23:41:47 2022 User: Ali] quits
[Thu Mar 31 23:42:07 2022 User: Ali] enters username
[Thu Mar 31 23:42:11 2022 User: Ali] enters correct password
[Thu Mar 31 23:42:16 2022 User: Ali] changes dir
[Thu Mar 31 23:43:30 2022 User: Ali] quits
[Thu Mar 31 23:43:43 2022 User: Ali] enters username
[Thu Mar 31 23:43:45 2022 User: Ali] enters correct password
[Thu Mar 31 23:43:52 2022 User: Ali] changes dir
[Thu Mar 31 23:55:03 2022 User: Ali] quits
[Thu Mar 31 23:55:22 2022 User: Ali] enters username
[Thu Mar 31 23:55:25 2022 User: Ali] enters correct password
[Thu Mar 31 23:55:33 2022 User: Ali] changes dir
[Fri Apr  1 00:02:02 2022 User: Ali] quits
[Fri Apr  1 00:02:18 2022 User: Ali] enters username
[Fri Apr  1 00:02:21 2022 User: Ali] enters correct password
[Fri Apr  1 00:02:24 2022 User: Ali] changes dir
[Fri Apr  1 00:03:09 2022 User: Ali] quits
[Fri Apr  1 00:03:22 2022 User: Ali] enters username
[Fri Apr  1 00:03:25 2022 User: Ali] enters correct password
[Fri Apr  1 00:03:34 2022 User: Ali] changes dir
[Fri Apr  1 00:06:12 2022 User: Ali] asks for pwd
[Fri Apr  1 00:08:09 2022 User: Ali] quits
[Fri Apr  1 00:08:33 2022 User: Ali] enters username
[Fri Apr  1 00:08:38 2022 User: Ali] enters correct password
[Fri Apr  1 00:08:42 2022 User: Ali] changes dir
[Fri Apr  1 00:08:52 2022 User: Ali] asks for ls
[Fri Apr  1 00:11:51 2022 User: Ali] enters username
[Fri Apr  1 00:11:54 2022 User: Ali] enters correct password
[Fri Apr  1 00:11:57 2022 User: Ali] changes dir
[Fri Apr  1 00:12:02 2022 User: Ali] asks for pwd
[Fri Apr  1 00:12:08 2022 User: Ali] fails to cwd
[Fri Apr  1 00:12:11 2022 User: Ali] asks for pwd
[Fri Apr  1 00:12:12 2022 User: Ali] asks for ls
[Fri Apr  1 00:12:25 2022 User: Ali] fails to cwd
[Fri Apr  1 00:12:34 2022 User: Ali] asks for pwd
[Fri Apr  1 00:12:40 2022 User: Ali] fails to cwd
[Fri Apr  1 00:14:08 2022 User: Ali] quits
[Fri Apr  1 00:14:34 2022 User: Ali] enters username
[Fri Apr  1 00:14:37 2022 User: Ali] enters correct password
[Fri Apr  1 00:14:45 2022 User: Ali] changes dir
[Fri Apr  1 00:14:47 2022 User: Ali] asks for pwd
[Fri Apr  1 00:14:51 2022 User: Ali] fails to cwd
[Fri Apr  1 00:16:13 2022 User: Ali] quits
[Fri Apr  1 00:16:24 2022 User: Ali] enters username
[Fri Apr  1 00:16:26 2022 User: Ali] enters correct password
[Fri Apr  1 00:16:35 2022 User: Ali] changes dir
[Fri Apr  1 00:16:43 2022 User: Ali] fails to cwd
[Fri Apr  1 00:17:58 2022 User: Ali] quits
[Fri Apr  1 00:18:22 2022 User: Ali] enters username
[Fri Apr  1 00:18:26 2022 User: Ali] enters correct password
[Fri Apr  1 00:18:30 2022 User: Ali] changes dir
[Fri Apr  1 00:18:33 2022 User: Ali] fails to cwd
[Fri Apr  1 00:31:32 2022 User: Ali] quits
[Fri Apr  1 00:31:45 2022 User: Ali] enters username
[Fri Apr  1 00:31:50 2022 User: Ali] enters correct password
[Fri Apr  1 00:31:53 2022 User: Ali] fails to cwd
[Fri Apr  1 00:31:57 2022 User: Ali] changes dir
[Fri Apr  1 00:31:59 2022 User: Ali] fails to cwd
[Fri Apr  1 01:04:56 2022 User: Ali] fails to cwd
[Fri Apr  1 01:05:00 2022 User: Ali] fails to cwd
[Fri Apr  1 01:05:04 2022 User: Ali] fails to cwd
[Fri Apr  1 01:06:35 2022 User: Ali] asks for pwd
[Fri Apr  1 01:06:39 2022 User: Ali] fails to cwd
[Fri Apr  1 01:06:41 2022 User: Ali] asks for pwd
[Fri Apr  1 01:06:45 2022 User: Ali] fails to cwd
[Fri Apr  1 01:06:46 2022 User: Ali] asks for pwd
[Fri Apr  1 01:06:50 2022 User: Ali] fails to cwd
[Fri Apr  1 01:06:55 2022 User: Ali] asks for pwd
[Fri Apr  1 01:11:13 2022 User: Ali] quits
[Fri Apr  1 01:11:27 2022 User: Ali] enters username
[Fri Apr  1 01:11:30 2022 User: Ali] enters wrong password
[Fri Apr  1 01:11:34 2022 User: Ali] enters correct password
[Fri Apr  1 01:11:38 2022 User: Ali] changes dir
[Fri Apr  1 01:11:41 2022 User: Ali] fails to cwd
[Fri Apr  1 01:11:45 2022 User: Ali] fails to cwd
[Fri Apr  1 01:13:36 2022 User: Ali] quits
[Fri Apr  1 01:13:51 2022 User: Ali] enters username
[Fri Apr  1 01:13:53 2022 User: Ali] enters correct password
[Fri Apr  1 01:13:59 2022 User: Ali] fails to cwd
[Fri Apr  1 01:14:08 2022 User: Ali] fails to cwd
[Fri Apr  1 01:14:51 2022 User: Ali] quits
[Fri Apr  1 01:15:04 2022 User: Ali] enters username
[Fri Apr  1 01:15:07 2022 User: Ali] enters correct password
[Fri Apr  1 01:15:10 2022 User: Ali] changes dir
[Fri Apr  1 01:15:15 2022 User: Ali] fails to cwd
[Fri Apr  1 01:16:06 2022 User: Ali] fails to cwd
[Fri Apr  1 01:20:27 2022 User: Ali] quits
[Fri Apr  1 01:20:43 2022 User: Ali] enters username
[Fri Apr  1 01:20:45 2022 User: Ali] enters correct password
[Fri Apr  1 01:20:53 2022 User: Ali] changes dir
[Fri Apr  1 01:20:57 2022 User: Ali] asks for pwd
[Fri Apr  1 01:21:08 2022 User: Ali] fails to cwd
[Fri Apr  1 01:22:21 2022 User: Ali] quits
[Fri Apr  1 01:22:34 2022 User: Ali] enters username
[Fri Apr  1 01:22:36 2022 User: Ali] enters correct password
[Fri Apr  1 01:25:50 2022 User: Ali] changes dir
[Fri Apr  1 01:25:53 2022 User: Ali] fails to cwd
[Fri Apr  1 01:44:21 2022 User: Ali] enters username
[Fri Apr  1 01:44:25 2022 User: Ali] enters correct password
[Fri Apr  1 01:44:28 2022 User: Ali] changes dir
[Fri Apr  1 01:44:30 2022 User: Ali] fails to cwd
[Fri Apr  1 01:45:54 2022 User: Ali] quits
[Fri Apr  1 01:46:13 2022 User: Ali] enters username
[Fri Apr  1 01:46:15 2022 User: Ali] enters correct password
[Fri Apr  1 01:46:24 2022 User: Ali] changes dir
[Fri Apr  1 01:46:26 2022 User: Ali] asks for pwd
[Fri Apr  1 01:46:29 2022 User: Ali] fails to cwd
[Fri Apr  1 01:48:15 2022 User: Ali] quits
[Fri Apr  1 01:48:27 2022 User: Ali] enters username
[Fri Apr  1 01:48:29 2022 User: Ali] enters correct password
[Fri Apr  1 01:48:36 2022 User: Ali] changes dir
[Fri Apr  1 01:48:39 2022 User: Ali] fails to cwd
[Fri Apr  1 01:50:00 2022 User: Ali] quits
[Fri Apr  1 01:50:27 2022 User: Ali] enters username
[Fri Apr  1 01:50:30 2022 User: Ali] enters correct password
[Fri Apr  1 01:50:34 2022 User: Ali] changes dir
[Fri Apr  1 01:52:02 2022 User: Ali] fails to cwd
[Fri Apr  1 01:57:09 2022 User: Ali] quits
[Fri Apr  1 01:57:31 2022 User: Ali] enters username
[Fri Apr  1 01:57:37 2022 User: Ali] enters correct password
[Fri Apr  1 01:57:40 2022 User: Ali] changes dir
[Fri Apr  1 01:57:42 2022 User: Ali] asks for pwd
[Fri Apr  1 01:57:54 2022 User: Ali] changes dir
[Fri Apr  1 01:57:58 2022 User: Ali] asks for pwd
[Fri Apr  1 02:32:58 2022 User: Ali] quits
[Fri Apr  1 02:33:15 2022 User: Ali] enters username
[Fri Apr  1 02:33:18 2022 User: Ali] enters correct password
[Fri Apr  1 02:33:23 2022 User: Ali] changes dir
[Fri Apr  1 02:33:25 2022 User: Ali] asks for pwd
[Fri Apr  1 02:33:29 2022 User: Ali] changes dir
[Fri Apr  1 02:33:31 2022 User: Ali] asks for pwd
[Fri Apr  1 02:34:43 2022 User: Ali] quits
[Fri Apr  1 02:35:07 2022 User: Ali] enters username
[Fri Apr  1 02:35:10 2022 User: Ali] enters correct password
[Fri Apr  1 02:35:14 2022 User: Ali] changes dir
[Fri Apr  1 02:35:17 2022 User: Ali] asks for pwd
[Fri Apr  1 02:35:21 2022 User: Ali] changes dir
[Fri Apr  1 02:35:22 2022 User: Ali] asks for pwd
[Fri Apr  1 02:36:56 2022 User: Ali] quits
[Fri Apr  1 02:39:23 2022 User: Ali] enters username
[Fri Apr  1 02:39:26 2022 User: Ali] enters correct password
[Fri Apr  1 02:39:32 2022 User: Ali] changes dir
[Fri Apr  1 02:39:34 2022 User: Ali] asks for pwd
[Fri Apr  1 02:39:36 2022 User: Ali] fails to cwd
[Fri Apr  1 02:43:23 2022 User: Ali] quits
[Fri Apr  1 02:43:40 2022 User: Ali] enters username
[Fri Apr  1 02:43:43 2022 User: Ali] enters correct password
[Fri Apr  1 02:43:46 2022 User: Ali] changes dir
[Fri Apr  1 02:43:48 2022 User: Ali] fails to cwd
[Fri Apr  1 02:44:10 2022 User: Ali] quits
[Fri Apr  1 02:44:22 2022 User: Ali] enters username
[Fri Apr  1 02:44:24 2022 User: Ali] enters correct password
[Fri Apr  1 02:44:29 2022 User: Ali] changes dir
[Fri Apr  1 02:44:30 2022 User: Ali] asks for pwd
[Fri Apr  1 02:44:37 2022 User: Ali] fails to cwd
[Fri Apr  1 02:49:04 2022 User: Ali] quits
[Fri Apr  1 02:49:17 2022 User: Ali] enters username
[Fri Apr  1 02:49:21 2022 User: Ali] enters correct password
[Fri Apr  1 02:49:29 2022 User: Ali] changes dir
[Fri Apr  1 02:49:31 2022 User: Ali] fails to cwd
[Fri Apr  1 02:50:10 2022 User: Ali] quits
[Fri Apr  1 02:50:23 2022 User: Ali] enters username
[Fri Apr  1 02:50:26 2022 User: Ali] enters correct password
[Fri Apr  1 02:50:30 2022 User: Ali] changes dir
[Fri Apr  1 02:50:32 2022 User: Ali] fails to cwd
[Fri Apr  1 02:52:10 2022 User: Ali] quits
[Fri Apr  1 02:52:26 2022 User: Ali] enters username
[Fri Apr  1 02:52:28 2022 User: Ali] enters correct password
[Fri Apr  1 02:52:32 2022 User: Ali] changes dir
[Fri Apr  1 02:52:34 2022 User: Ali] changes dir
[Fri Apr  1 02:52:38 2022 User: Ali] asks for pwd
[Fri Apr  1 02:52:41 2022 User: Ali] fails to cwd
[Fri Apr  1 02:52:44 2022 User: Ali] asks for pwd
[Fri Apr  1 02:57:43 2022 User: Ali] enters username
[Fri Apr  1 02:57:46 2022 User: Ali] enters correct password
[Fri Apr  1 02:57:51 2022 User: Ali] changes dir
[Fri Apr  1 02:58:02 2022 User: Ali] enters username
[Fri Apr  1 02:58:05 2022 User: Ali] enters correct password
[Fri Apr  1 02:58:12 2022 User: Ali] asks for pwd
[Fri Apr  1 02:58:14 2022 User: Ali] changes dir
[Fri Apr  1 02:58:15 2022 User: Ali] asks for pwd
[Fri Apr  1 02:58:21 2022 User: Ali] changes dir
[Fri Apr  1 02:58:22 2022 User: Ali] asks for pwd
[Fri Apr  1 02:58:26 2022 User: Ali] changes dir
[Fri Apr  1 02:58:32 2022 User: Ali] quits
[Fri Apr  1 02:58:35 2022 User: Ali] quits
[Fri Apr  1 02:59:21 2022 User: Ali] enters username
[Fri Apr  1 02:59:26 2022 User: Ali] enters correct password
[Fri Apr  1 02:59:29 2022 User: Ali] changes dir
[Fri Apr  1 02:59:31 2022 User: Ali] changes dir
[Fri Apr  1 02:59:33 2022 User: Ali] asks for pwd
[Fri Apr  1 02:59:37 2022 User: Ali] quits
[Fri Apr  1 03:28:03 2022 User: Ali] enters username
[Fri Apr  1 03:28:29 2022 User: Ali] enters username
[Fri Apr  1 03:28:32 2022 User: Ali] enters correct password
[Fri Apr  1 03:28:34 2022 User: Ali] asks for ls
[Fri Apr  1 03:28:37 2022 User: Ali] quits
[Thu Jun  9 11:18:42 2022 User: Ali] enters username
[Thu Jun  9 11:18:52 2022 User: Ali] enters correct password
[Thu Jun  9 11:19:13 2022 User: Ali] asks for pwd
[Thu Jun  9 11:27:53 2022 User: Ali] asks for ls
[Thu Jun  9 11:27:59 2022 User: Ali] fails to download /home/c/University/Term6/CN/CAs/01_FTP/src
[Thu Jun  9 11:28:10 2022 User: Ali] downloads /home/c/University/Term6/CN/CAs/01_FTP/Makefile
[Thu Jun  9 11:48:40 2022 User: Ali] quits
[Thu Jun  9 11:49:31 2022 User: Ali] enters username
[Thu Jun  9 11:49:34 2022 User: Ali] enters correct password
[Thu Jun  9 11:49:36 2022 User: Ali] asks for help
[Thu Jun  9 11:49:38 2022 User: Ali] asks for pwd
[Thu Jun  9 11:49:40 2022 User: Ali] asks for ls
[Thu Jun  9 11:49:42 2022 User: Ali] makes directory
[Thu Jun  9 11:49:45 2022 User: Ali] asks for ls
[Thu Jun  9 11:49:49 2022 User: Ali] renames a to b
[Thu Jun  9 11:49:51 2022 User: Ali] changes dir
[Thu Jun  9 11:49:53 2022 User: Ali] asks for ls
[Thu Jun  9 11:50:17 2022 User: Ali] enters username
[Thu Jun  9 11:50:20 2022 User: Ali] enters correct password
[Thu Jun  9 11:50:24 2022 User: Ali] asks for pwd
[Thu Jun  9 11:50:30 2022 User: Ali] changes dir
[Thu Jun  9 11:50:32 2022 User: Ali] asks for pwd
[Thu Jun  9 11:50:38 2022 User: Ali] changes dir
[Thu Jun  9 11:50:40 2022 User: Ali] asks for pwd
[Thu Jun  9 11:51:11 2022 User: Ali] fails to cwd
[Thu Jun  9 11:51:22 2022 User: Ali] asks for ls
[Thu Jun  9 11:51:42 2022 User: Ali] enters username
[Thu Jun  9 11:51:45 2022 User: Ali] enters correct password
[Thu Jun  9 11:51:47 2022 User: Ali] asks for ls
